============================================================
Time  2020/11/11 11:36:01 134 
============================================================
[2020/11/11 11:36:01 134] isr        1659 isr loaded!  
[2020/11/11 11:36:01 135] isr        1642 SYS_MSG_REGCB param0 =   msp_status_cb  param1 =   func(3c02f960) 
[2020/11/11 11:36:01 135] isr        1537 ASR_MSG_SSB  
[2020/11/11 11:36:01 135] isr        1066 session_begin() [in], params:   sub = iat, domain = iat, language = zh_cn, accent = mandarin, sample_rate = 16000, result_type = plain, result_encoding = utf8  nil  
[2020/11/11 11:36:01 136] isr        927  vad_set [in]  
[2020/11/11 11:36:01 136] isr        962  vad_enable :  true  
[2020/11/11 11:36:01 136] isr        980  vad_bos :  10000  
[2020/11/11 11:36:01 136] isr        981  vad_eos :  2000  
[2020/11/11 11:36:01 137] isr        886  enable_vad [in]  
[2020/11/11 11:36:01 139] isr        918  vad enabled!  2000  10000  
[2020/11/11 11:36:01 139] isr        921  enable_vad [out]  
[2020/11/11 11:36:01 139] isr        987  vad_set [out] | ret =  0  
[2020/11/11 11:36:01 139] isr        1187 cur_engine_type =   cloud  
[2020/11/11 11:36:01 140] isr        1001 cloud_session_begin  
[2020/11/11 11:36:01 140] isr        1013 unknown  
[2020/11/11 11:36:01 146] isr        1547 ASR_MSG_AUW,   cloud  
[2020/11/11 11:36:01 146] isr        1559 6400  1  
[2020/11/11 11:36:01 147] isr        1569 once_bytes:   6400  
[2020/11/11 11:36:01 152] isr        851  [aud] speech start  
[2020/11/11 11:36:01 152] isr        798  1  msc  
[2020/11/11 11:36:01 347] isr        1547 ASR_MSG_AUW,   cloud  
[2020/11/11 11:36:01 347] isr        1559 6400  2  
[2020/11/11 11:36:01 382] isr        700  cloud_status_cb, eps:  1  
[2020/11/11 11:36:01 382] isr        798  1  cloud  
[2020/11/11 11:36:01 382] isr        813  cloud eps ignored  
[2020/11/11 11:36:01 548] isr        1547 ASR_MSG_AUW,   cloud  
[2020/11/11 11:36:01 548] isr        1559 6400  2  
[2020/11/11 11:36:01 748] isr        1547 ASR_MSG_AUW,   cloud  
[2020/11/11 11:36:01 748] isr        1559 6400  2  
[2020/11/11 11:36:01 949] isr        1547 ASR_MSG_AUW,   cloud  
[2020/11/11 11:36:01 949] isr        1559 6400  2  
[2020/11/11 11:36:02 149] isr        1547 ASR_MSG_AUW,   cloud  
[2020/11/11 11:36:02 149] isr        1559 6400  2  
[2020/11/11 11:36:02 350] isr        1547 ASR_MSG_AUW,   cloud  
[2020/11/11 11:36:02 350] isr        1559 6400  2  
[2020/11/11 11:36:02 551] isr        1547 ASR_MSG_AUW,   cloud  
[2020/11/11 11:36:02 551] isr        1559 6400  2  
[2020/11/11 11:36:02 752] isr        1547 ASR_MSG_AUW,   cloud  
[2020/11/11 11:36:02 752] isr        1559 6400  2  
[2020/11/11 11:36:02 953] isr        1547 ASR_MSG_AUW,   cloud  
[2020/11/11 11:36:02 953] isr        1559 6400  2  
[2020/11/11 11:36:03 154] isr        1547 ASR_MSG_AUW,   cloud  
[2020/11/11 11:36:03 154] isr        1559 6400  2  
[2020/11/11 11:36:03 354] isr        1547 ASR_MSG_AUW,   cloud  
[2020/11/11 11:36:03 354] isr        1559 6400  2  
[2020/11/11 11:36:03 555] isr        1547 ASR_MSG_AUW,   cloud  
[2020/11/11 11:36:03 555] isr        1559 6400  2  
[2020/11/11 11:36:03 755] isr        1547 ASR_MSG_AUW,   cloud  
[2020/11/11 11:36:03 756] isr        1559 6400  2  
[2020/11/11 11:36:03 957] isr        1547 ASR_MSG_AUW,   cloud  
[2020/11/11 11:36:03 957] isr        1559 6400  2  
[2020/11/11 11:36:04 158] isr        1547 ASR_MSG_AUW,   cloud  
[2020/11/11 11:36:04 158] isr        1559 6400  2  
[2020/11/11 11:36:04 358] isr        1547 ASR_MSG_AUW,   cloud  
[2020/11/11 11:36:04 359] isr        1559 6400  2  
[2020/11/11 11:36:04 559] isr        1547 ASR_MSG_AUW,   cloud  
[2020/11/11 11:36:04 559] isr        1559 6400  2  
[2020/11/11 11:36:04 760] isr        1547 ASR_MSG_AUW,   cloud  
[2020/11/11 11:36:04 760] isr        1559 6400  2  
[2020/11/11 11:36:04 961] isr        1547 ASR_MSG_AUW,   cloud  
[2020/11/11 11:36:04 961] isr        1559 6400  2  
[2020/11/11 11:36:05 162] isr        1547 ASR_MSG_AUW,   cloud  
[2020/11/11 11:36:05 162] isr        1559 6400  2  
[2020/11/11 11:36:05 363] isr        1547 ASR_MSG_AUW,   cloud  
[2020/11/11 11:36:05 363] isr        1559 6400  2  
[2020/11/11 11:36:05 564] isr        1547 ASR_MSG_AUW,   cloud  
[2020/11/11 11:36:05 564] isr        1559 7420  2  
[2020/11/11 11:36:05 605] isr        662  cloud_rslt_cb status =   0  
[2020/11/11 11:36:05 605] isr        641  process_result call:  cloud  udata(3c0364e8) 0  nil  
[2020/11/11 11:36:05 765] isr        1547 ASR_MSG_AUW,   cloud  
[2020/11/11 11:36:05 765] isr        1559 0  4  
[2020/11/11 11:36:05 765] isr        1592 aud end, USER  
[2020/11/11 11:36:05 766] isr        1636 ASR_MSG_GRSLT,   cloud  
[2020/11/11 11:36:05 766] isr        1335 0  udata(3c0364e8) 0  
[2020/11/11 11:36:05 768] isr        854  [aud] speech end  
[2020/11/11 11:36:05 769] isr        798  3  msc  
[2020/11/11 11:36:05 801] isr        700  cloud_status_cb, eps:  3  
[2020/11/11 11:36:05 801] isr        798  3  cloud  
[2020/11/11 11:36:05 801] isr        800  already speech end  
[2020/11/11 11:36:05 805] isr        662  cloud_rslt_cb status =   5  
[2020/11/11 11:36:05 806] isr        641  process_result call:  cloud  udata(3c033b58) 5  nil  
[2020/11/11 11:36:05 806] isr        798  3  msc  
[2020/11/11 11:36:05 806] isr        800  already speech end  
[2020/11/11 11:36:05 918] isr        1636 ASR_MSG_GRSLT,   cloud  
[2020/11/11 11:36:05 919] isr        1335 0  udata(3c033b58) 5  
[2020/11/11 11:36:06 070] isr        1639 ASR_MSG_SSE,   cloud  
[2020/11/11 11:36:06 070] isr        1356 session_end() [in]  
[2020/11/11 11:36:06 070] isr        1421 cloud_session_end() [in]  
[2020/11/11 11:36:06 073] isr        1488 ns_host=  open.xf-yun.com  
[2020/11/11 11:36:06 074] isr        1498 tick()mod=  2438020  
[2020/11/11 11:36:06 074] isr        1499 tick()=  2438021  
[2020/11/11 11:36:06 074] isr        1501 diff=  4820  
[2020/11/11 11:36:06 074] isr        1514 cloud_session_end() [out]  
[2020/11/11 11:36:06 075] isr        1667 isr unload!  
============================================================
Time  2020/11/13 10:08:33 203 
============================================================
[2020/11/13 10:08:33 203] isr        1659 isr loaded!  
[2020/11/13 10:08:33 204] isr        1642 SYS_MSG_REGCB param0 =   msp_status_cb  param1 =   func(a002f680) 
[2020/11/13 10:08:33 204] isr        1537 ASR_MSG_SSB  
[2020/11/13 10:08:33 204] isr        1066 session_begin() [in], params:   sub = iat, domain = iat, language = zh_cn, accent = mandarin, sample_rate = 16000, result_type = plain, result_encoding = utf8  nil  
[2020/11/13 10:08:33 205] isr        927  vad_set [in]  
[2020/11/13 10:08:33 205] isr        962  vad_enable :  true  
[2020/11/13 10:08:33 205] isr        980  vad_bos :  10000  
[2020/11/13 10:08:33 205] isr        981  vad_eos :  2000  
[2020/11/13 10:08:33 205] isr        886  enable_vad [in]  
[2020/11/13 10:08:33 208] isr        918  vad enabled!  2000  10000  
[2020/11/13 10:08:33 208] isr        921  enable_vad [out]  
[2020/11/13 10:08:33 208] isr        987  vad_set [out] | ret =  0  
[2020/11/13 10:08:33 208] isr        1187 cur_engine_type =   cloud  
[2020/11/13 10:08:33 208] isr        1001 cloud_session_begin  
[2020/11/13 10:08:33 208] isr        1013 unknown  
[2020/11/13 10:08:33 451] isr        1547 ASR_MSG_AUW,   cloud  
[2020/11/13 10:08:33 451] isr        1559 3200  1  
[2020/11/13 10:08:33 451] isr        1569 once_bytes:   3200  
[2020/11/13 10:08:33 452] isr        1547 ASR_MSG_AUW,   cloud  
[2020/11/13 10:08:33 452] isr        1559 3200  2  
[2020/11/13 10:08:33 457] isr        851  [aud] speech start  
[2020/11/13 10:08:33 457] isr        798  1  msc  
[2020/11/13 10:08:33 487] isr        700  cloud_status_cb, eps:  1  
[2020/11/13 10:08:33 488] isr        798  1  cloud  
[2020/11/13 10:08:33 488] isr        813  cloud eps ignored  
[2020/11/13 10:08:33 613] isr        1547 ASR_MSG_AUW,   cloud  
[2020/11/13 10:08:33 613] isr        1559 3200  2  
[2020/11/13 10:08:33 616] isr        1547 ASR_MSG_AUW,   cloud  
[2020/11/13 10:08:33 616] isr        1559 3200  2  
[2020/11/13 10:08:33 775] isr        1547 ASR_MSG_AUW,   cloud  
[2020/11/13 10:08:33 775] isr        1559 3200  2  
[2020/11/13 10:08:33 933] isr        1547 ASR_MSG_AUW,   cloud  
[2020/11/13 10:08:33 933] isr        1559 3200  2  
[2020/11/13 10:08:33 934] isr        1547 ASR_MSG_AUW,   cloud  
[2020/11/13 10:08:33 934] isr        1559 3200  2  
[2020/11/13 10:08:34 097] isr        1547 ASR_MSG_AUW,   cloud  
[2020/11/13 10:08:34 097] isr        1559 3200  2  
[2020/11/13 10:08:34 098] isr        1547 ASR_MSG_AUW,   cloud  
[2020/11/13 10:08:34 098] isr        1559 3200  2  
[2020/11/13 10:08:34 261] isr        1547 ASR_MSG_AUW,   cloud  
[2020/11/13 10:08:34 261] isr        1559 3200  2  
[2020/11/13 10:08:34 423] isr        1547 ASR_MSG_AUW,   cloud  
[2020/11/13 10:08:34 424] isr        1559 3200  2  
[2020/11/13 10:08:34 425] isr        1547 ASR_MSG_AUW,   cloud  
[2020/11/13 10:08:34 425] isr        1559 3200  2  
[2020/11/13 10:08:34 573] isr        1547 ASR_MSG_AUW,   cloud  
[2020/11/13 10:08:34 573] isr        1559 3200  2  
[2020/11/13 10:08:34 736] isr        1547 ASR_MSG_AUW,   cloud  
[2020/11/13 10:08:34 736] isr        1559 3200  2  
[2020/11/13 10:08:34 737] isr        1547 ASR_MSG_AUW,   cloud  
[2020/11/13 10:08:34 737] isr        1559 3200  2  
[2020/11/13 10:08:34 900] isr        1547 ASR_MSG_AUW,   cloud  
[2020/11/13 10:08:34 900] isr        1559 3200  2  
[2020/11/13 10:08:34 902] isr        1547 ASR_MSG_AUW,   cloud  
[2020/11/13 10:08:34 902] isr        1559 3200  2  
[2020/11/13 10:08:35 063] isr        1547 ASR_MSG_AUW,   cloud  
[2020/11/13 10:08:35 064] isr        1559 3200  2  
[2020/11/13 10:08:35 228] isr        1547 ASR_MSG_AUW,   cloud  
[2020/11/13 10:08:35 228] isr        1559 3200  2  
[2020/11/13 10:08:35 229] isr        1547 ASR_MSG_AUW,   cloud  
[2020/11/13 10:08:35 229] isr        1559 3200  2  
[2020/11/13 10:08:35 391] isr        1547 ASR_MSG_AUW,   cloud  
[2020/11/13 10:08:35 391] isr        1559 3200  2  
[2020/11/13 10:08:35 554] isr        1547 ASR_MSG_AUW,   cloud  
[2020/11/13 10:08:35 554] isr        1559 3200  2  
[2020/11/13 10:08:35 555] isr        1547 ASR_MSG_AUW,   cloud  
[2020/11/13 10:08:35 555] isr        1559 3200  2  
[2020/11/13 10:08:35 717] isr        1547 ASR_MSG_AUW,   cloud  
[2020/11/13 10:08:35 718] isr        1559 3200  2  
[2020/11/13 10:08:35 718] isr        1547 ASR_MSG_AUW,   cloud  
[2020/11/13 10:08:35 719] isr        1559 3200  2  
[2020/11/13 10:08:35 853] isr        1547 ASR_MSG_AUW,   cloud  
[2020/11/13 10:08:35 854] isr        1559 3200  2  
[2020/11/13 10:08:36 017] isr        1547 ASR_MSG_AUW,   cloud  
[2020/11/13 10:08:36 018] isr        1559 3200  2  
[2020/11/13 10:08:36 019] isr        1547 ASR_MSG_AUW,   cloud  
[2020/11/13 10:08:36 019] isr        1559 3200  2  
[2020/11/13 10:08:36 180] isr        1547 ASR_MSG_AUW,   cloud  
[2020/11/13 10:08:36 181] isr        1559 3200  2  
[2020/11/13 10:08:36 344] isr        1547 ASR_MSG_AUW,   cloud  
[2020/11/13 10:08:36 344] isr        1559 3200  2  
[2020/11/13 10:08:36 346] isr        1547 ASR_MSG_AUW,   cloud  
[2020/11/13 10:08:36 346] isr        1559 3200  2  
[2020/11/13 10:08:36 354] isr        854  [aud] speech end  
[2020/11/13 10:08:36 355] isr        798  3  msc  
[2020/11/13 10:08:36 355] isr        864  aud end, MSC VAD  
[2020/11/13 10:08:36 397] isr        700  cloud_status_cb, eps:  3  
[2020/11/13 10:08:36 397] isr        798  3  cloud  
[2020/11/13 10:08:36 398] isr        800  already speech end  
[2020/11/13 10:08:36 402] isr        662  cloud_rslt_cb status =   5  
[2020/11/13 10:08:36 403] isr        641  process_result call:  cloud  nil  5  nil  
[2020/11/13 10:08:36 403] isr        798  3  msc  
[2020/11/13 10:08:36 403] isr        800  already speech end  
[2020/11/13 10:08:36 506] isr        1547 ASR_MSG_AUW,   cloud  
[2020/11/13 10:08:36 507] isr        1559 3200  2  
[2020/11/13 10:08:36 508] isr        1636 ASR_MSG_GRSLT,   cloud  
[2020/11/13 10:08:36 508] isr        1335 0  nil  5  
[2020/11/13 10:08:36 609] isr        1639 ASR_MSG_SSE,   cloud  
[2020/11/13 10:08:36 610] isr        1356 session_end() [in]  
[2020/11/13 10:08:36 610] isr        1421 cloud_session_end() [in]  
[2020/11/13 10:08:36 612] isr        1488 ns_host=  open.xf-yun.com  
[2020/11/13 10:08:36 613] isr        1498 tick()mod=  1848671  
[2020/11/13 10:08:36 613] isr        1499 tick()=  1848672  
[2020/11/13 10:08:36 613] isr        1501 diff=  3301  
[2020/11/13 10:08:36 613] isr        1514 cloud_session_end() [out]  
[2020/11/13 10:08:36 614] isr        1667 isr unload!  
============================================================
Time  2020/11/13 10:19:09 710 
============================================================
[2020/11/13 10:19:09 710] isr        1659 isr loaded!  
[2020/11/13 10:19:09 710] isr        1642 SYS_MSG_REGCB param0 =   msp_status_cb  param1 =   func(8802f680) 
[2020/11/13 10:19:09 710] isr        1537 ASR_MSG_SSB  
[2020/11/13 10:19:09 710] isr        1066 session_begin() [in], params:   sub = iat, domain = iat, language = zh_cn, accent = mandarin, sample_rate = 16000, result_type = plain, result_encoding = utf8  nil  
[2020/11/13 10:19:09 711] isr        927  vad_set [in]  
[2020/11/13 10:19:09 711] isr        962  vad_enable :  true  
[2020/11/13 10:19:09 711] isr        980  vad_bos :  10000  
[2020/11/13 10:19:09 711] isr        981  vad_eos :  2000  
[2020/11/13 10:19:09 711] isr        886  enable_vad [in]  
[2020/11/13 10:19:09 712] isr        918  vad enabled!  2000  10000  
[2020/11/13 10:19:09 712] isr        921  enable_vad [out]  
[2020/11/13 10:19:09 712] isr        987  vad_set [out] | ret =  0  
[2020/11/13 10:19:09 713] isr        1187 cur_engine_type =   cloud  
[2020/11/13 10:19:09 713] isr        1001 cloud_session_begin  
[2020/11/13 10:19:09 713] isr        1013 unknown  
[2020/11/13 10:19:09 952] isr        1547 ASR_MSG_AUW,   cloud  
[2020/11/13 10:19:09 953] isr        1559 3200  1  
[2020/11/13 10:19:09 953] isr        1569 once_bytes:   3200  
[2020/11/13 10:19:09 953] isr        1547 ASR_MSG_AUW,   cloud  
[2020/11/13 10:19:09 953] isr        1559 3200  2  
[2020/11/13 10:19:09 956] isr        851  [aud] speech start  
[2020/11/13 10:19:09 956] isr        798  1  msc  
[2020/11/13 10:19:09 979] isr        700  cloud_status_cb, eps:  1  
[2020/11/13 10:19:09 979] isr        798  1  cloud  
[2020/11/13 10:19:09 979] isr        813  cloud eps ignored  
[2020/11/13 10:19:10 113] isr        1547 ASR_MSG_AUW,   cloud  
[2020/11/13 10:19:10 113] isr        1559 3200  2  
[2020/11/13 10:19:10 117] isr        1547 ASR_MSG_AUW,   cloud  
[2020/11/13 10:19:10 117] isr        1559 3200  2  
[2020/11/13 10:19:10 279] isr        1547 ASR_MSG_AUW,   cloud  
[2020/11/13 10:19:10 280] isr        1559 3200  2  
[2020/11/13 10:19:10 434] isr        1547 ASR_MSG_AUW,   cloud  
[2020/11/13 10:19:10 434] isr        1559 3200  2  
[2020/11/13 10:19:10 436] isr        1547 ASR_MSG_AUW,   cloud  
[2020/11/13 10:19:10 436] isr        1559 3200  2  
[2020/11/13 10:19:10 597] isr        1547 ASR_MSG_AUW,   cloud  
[2020/11/13 10:19:10 597] isr        1559 3200  2  
[2020/11/13 10:19:10 760] isr        1547 ASR_MSG_AUW,   cloud  
[2020/11/13 10:19:10 760] isr        1559 3200  2  
[2020/11/13 10:19:10 761] isr        1547 ASR_MSG_AUW,   cloud  
[2020/11/13 10:19:10 761] isr        1559 3200  2  
[2020/11/13 10:19:10 924] isr        1547 ASR_MSG_AUW,   cloud  
[2020/11/13 10:19:10 925] isr        1559 3200  2  
[2020/11/13 10:19:10 926] isr        1547 ASR_MSG_AUW,   cloud  
[2020/11/13 10:19:10 926] isr        1559 3200  2  
[2020/11/13 10:19:11 075] isr        1547 ASR_MSG_AUW,   cloud  
[2020/11/13 10:19:11 076] isr        1559 3200  2  
[2020/11/13 10:19:11 238] isr        1547 ASR_MSG_AUW,   cloud  
[2020/11/13 10:19:11 239] isr        1559 3200  2  
[2020/11/13 10:19:11 240] isr        1547 ASR_MSG_AUW,   cloud  
[2020/11/13 10:19:11 240] isr        1559 3200  2  
[2020/11/13 10:19:11 402] isr        1547 ASR_MSG_AUW,   cloud  
[2020/11/13 10:19:11 403] isr        1559 3200  2  
[2020/11/13 10:19:11 566] isr        1547 ASR_MSG_AUW,   cloud  
[2020/11/13 10:19:11 566] isr        1559 3200  2  
[2020/11/13 10:19:11 567] isr        1547 ASR_MSG_AUW,   cloud  
[2020/11/13 10:19:11 567] isr        1559 3200  2  
[2020/11/13 10:19:11 729] isr        1547 ASR_MSG_AUW,   cloud  
[2020/11/13 10:19:11 730] isr        1559 3200  2  
[2020/11/13 10:19:11 730] isr        1547 ASR_MSG_AUW,   cloud  
[2020/11/13 10:19:11 730] isr        1559 3200  2  
[2020/11/13 10:19:11 893] isr        1547 ASR_MSG_AUW,   cloud  
[2020/11/13 10:19:11 893] isr        1559 3200  2  
[2020/11/13 10:19:11 929] isr        662  cloud_rslt_cb status =   0  
[2020/11/13 10:19:11 929] isr        641  process_result call:  cloud  udata(88036188) 0  nil  
[2020/11/13 10:19:12 056] isr        1547 ASR_MSG_AUW,   cloud  
[2020/11/13 10:19:12 056] isr        1559 3200  2  
[2020/11/13 10:19:12 057] isr        1547 ASR_MSG_AUW,   cloud  
[2020/11/13 10:19:12 057] isr        1559 3200  2  
[2020/11/13 10:19:12 219] isr        1547 ASR_MSG_AUW,   cloud  
[2020/11/13 10:19:12 220] isr        1559 3200  2  
[2020/11/13 10:19:12 221] isr        1636 ASR_MSG_GRSLT,   cloud  
[2020/11/13 10:19:12 221] isr        1335 0  udata(88036188) 0  
[2020/11/13 10:19:12 222] isr        1547 ASR_MSG_AUW,   cloud  
[2020/11/13 10:19:12 222] isr        1559 3200  2  
[2020/11/13 10:19:12 223] isr        1636 ASR_MSG_GRSLT,   cloud  
[2020/11/13 10:19:12 223] isr        1335 0  nil  2  
[2020/11/13 10:19:12 355] isr        1547 ASR_MSG_AUW,   cloud  
[2020/11/13 10:19:12 356] isr        1559 3200  2  
[2020/11/13 10:19:12 519] isr        1547 ASR_MSG_AUW,   cloud  
[2020/11/13 10:19:12 519] isr        1559 3200  2  
[2020/11/13 10:19:12 520] isr        1547 ASR_MSG_AUW,   cloud  
[2020/11/13 10:19:12 520] isr        1559 3200  2  
[2020/11/13 10:19:12 682] isr        1547 ASR_MSG_AUW,   cloud  
[2020/11/13 10:19:12 682] isr        1559 3200  2  
[2020/11/13 10:19:12 845] isr        1547 ASR_MSG_AUW,   cloud  
[2020/11/13 10:19:12 845] isr        1559 3200  2  
[2020/11/13 10:19:12 849] isr        1547 ASR_MSG_AUW,   cloud  
[2020/11/13 10:19:12 849] isr        1559 3200  2  
[2020/11/13 10:19:13 008] isr        1547 ASR_MSG_AUW,   cloud  
[2020/11/13 10:19:13 009] isr        1559 3200  2  
[2020/11/13 10:19:13 011] isr        1547 ASR_MSG_AUW,   cloud  
[2020/11/13 10:19:13 011] isr        1559 3200  2  
[2020/11/13 10:19:13 171] isr        1547 ASR_MSG_AUW,   cloud  
[2020/11/13 10:19:13 172] isr        1559 3200  2  
[2020/11/13 10:19:13 175] isr        854  [aud] speech end  
[2020/11/13 10:19:13 175] isr        798  3  msc  
[2020/11/13 10:19:13 175] isr        864  aud end, MSC VAD  
[2020/11/13 10:19:13 215] isr        700  cloud_status_cb, eps:  3  
[2020/11/13 10:19:13 215] isr        798  3  cloud  
[2020/11/13 10:19:13 215] isr        800  already speech end  
[2020/11/13 10:19:13 220] isr        662  cloud_rslt_cb status =   5  
[2020/11/13 10:19:13 220] isr        641  process_result call:  cloud  udata(88037d68) 5  nil  
[2020/11/13 10:19:13 220] isr        798  3  msc  
[2020/11/13 10:19:13 220] isr        800  already speech end  
[2020/11/13 10:19:13 335] isr        1547 ASR_MSG_AUW,   cloud  
[2020/11/13 10:19:13 335] isr        1559 3200  2  
[2020/11/13 10:19:13 338] isr        1636 ASR_MSG_GRSLT,   cloud  
[2020/11/13 10:19:13 338] isr        1335 0  udata(88037d68) 5  
[2020/11/13 10:19:13 440] isr        1639 ASR_MSG_SSE,   cloud  
[2020/11/13 10:19:13 440] isr        1356 session_end() [in]  
[2020/11/13 10:19:13 440] isr        1421 cloud_session_end() [in]  
[2020/11/13 10:19:13 443] isr        1488 ns_host=  open.xf-yun.com  
[2020/11/13 10:19:13 443] isr        1498 tick()mod=  2485502  
[2020/11/13 10:19:13 443] isr        1499 tick()=  2485502  
[2020/11/13 10:19:13 443] isr        1501 diff=  3592  
[2020/11/13 10:19:13 443] isr        1514 cloud_session_end() [out]  
[2020/11/13 10:19:13 444] isr        1667 isr unload!  
